<?xml version="1.0" encoding="UTF-8" standalone="no"?>
<testsuite failures="0" name="cucumber.runtime.formatter.JUnitFormatter" skipped="0" tests="1" time="24.319101">
<testcase classname="E-commerce" name="Start Full Test" time="24.319101">
<system-out><![CDATA[Given I initialize chrome driver............................................passed
When I go to "https://useinsider.com/" url..................................passed
Then I see home page........................................................passed
And I wait for 5 seconds....................................................passed
When I check page  home.....................................................passed
When I click element: homepage allow cookies index: 1.......................passed
When I click element: homepage more index: 1................................passed
And I wait for 5 seconds....................................................passed
When I click element: homepage career index: 1..............................passed
Then I see career page......................................................passed
And I wait for 2 seconds....................................................passed
When I check page  career...................................................passed
]]></system-out>
</testcase>
</testsuite>
